<?xml version="1.0" encoding="UTF-8"?>
<testng-results ignored="0" total="1" passed="1" failed="0" skipped="0">
  <reporter-output>
  </reporter-output>
  <suite started-at="2023-04-06T11:38:28 IST" name="Default suite" finished-at="2023-04-06T11:38:28 IST" duration-ms="113">
    <groups>
    </groups>
    <test started-at="2023-04-06T11:38:28 IST" name="Default test" finished-at="2023-04-06T11:38:28 IST" duration-ms="113">
      <class name="vtiger.Practice.AssertionsPractice">
        <test-method signature="practice()[pri:0, instance:vtiger.Practice.AssertionsPractice@3232a28a]" started-at="2023-04-06T11:38:28 IST" name="practice" finished-at="2023-04-06T11:38:28 IST" duration-ms="20" status="PASS">
          <reporter-output>
          </reporter-output>
        </test-method> <!-- practice -->
      </class> <!-- vtiger.Practice.AssertionsPractice -->
    </test> <!-- Default test -->
  </suite> <!-- Default suite -->
</testng-results>
